{"D:\\ATLP-C-25\\new-repo\\myBrandAPIs\\index.js": {"path":"D:\\ATLP-C-25\\new-repo\\myBrandAPIs\\index.js","statementMap":{"0":{"start":{"line":9,"column":0},"end":{"line":9,"column":58}},"1":{"start":{"line":10,"column":11},"end":{"line":10,"column":79}},"2":{"start":{"line":11,"column":12},"end":{"line":11,"column":39}},"3":{"start":{"line":13,"column":12},"end":{"line":13,"column":21}},"4":{"start":{"line":14,"column":13},"end":{"line":14,"column":29}},"5":{"start":{"line":16,"column":0},"end":{"line":16,"column":24}},"6":{"start":{"line":17,"column":0},"end":{"line":17,"column":27}},"7":{"start":{"line":18,"column":0},"end":{"line":18,"column":49}},"8":{"start":{"line":20,"column":0},"end":{"line":20,"column":50}},"9":{"start":{"line":22,"column":0},"end":{"line":22,"column":27}},"10":{"start":{"line":26,"column":0},"end":{"line":26,"column":35}},"11":{"start":{"line":27,"column":0},"end":{"line":27,"column":47}},"12":{"start":{"line":28,"column":12},"end":{"line":28,"column":31}},"13":{"start":{"line":30,"column":21},"end":{"line":30,"column":44}},"14":{"start":{"line":31,"column":0},"end":{"line":31,"column":68}}},"fnMap":{},"branchMap":{"0":{"loc":{"start":{"line":10,"column":11},"end":{"line":10,"column":79}},"type":"cond-expr","locations":[{"start":{"line":10,"column":45},"end":{"line":10,"column":63}},{"start":{"line":10,"column":66},"end":{"line":10,"column":79}}],"line":10}},"s":{"0":1,"1":1,"2":1,"3":1,"4":1,"5":1,"6":1,"7":1,"8":1,"9":1,"10":1,"11":1,"12":1,"13":1,"14":1},"f":{},"b":{"0":[1,0]},"_coverageSchema":"1a1c01bbd47fc00a2c39e90264f33305004495a9","hash":"3a5e46aa7040507062b1068314919f5e9a20d0bb"}
,"D:\\ATLP-C-25\\new-repo\\myBrandAPIs\\src\\controllers\\articleController.js": {"path":"D:\\ATLP-C-25\\new-repo\\myBrandAPIs\\src\\controllers\\articleController.js","statementMap":{"0":{"start":{"line":5,"column":21},"end":{"line":23,"column":5}},"1":{"start":{"line":6,"column":8},"end":{"line":22,"column":9}},"2":{"start":{"line":7,"column":37},"end":{"line":7,"column":45}},"3":{"start":{"line":8,"column":25},"end":{"line":12,"column":15}},"4":{"start":{"line":14,"column":13},"end":{"line":16,"column":14}},"5":{"start":{"line":15,"column":16},"end":{"line":15,"column":47}},"6":{"start":{"line":17,"column":28},"end":{"line":17,"column":45}},"7":{"start":{"line":18,"column":11},"end":{"line":18,"column":98}},"8":{"start":{"line":20,"column":12},"end":{"line":20,"column":29}},"9":{"start":{"line":21,"column":12},"end":{"line":21,"column":109}},"10":{"start":{"line":25,"column":20},"end":{"line":42,"column":5}},"11":{"start":{"line":26,"column":8},"end":{"line":41,"column":9}},"12":{"start":{"line":27,"column":25},"end":{"line":27,"column":43}},"13":{"start":{"line":28,"column":12},"end":{"line":37,"column":13}},"14":{"start":{"line":29,"column":12},"end":{"line":33,"column":13}},"15":{"start":{"line":29,"column":24},"end":{"line":29,"column":25}},"16":{"start":{"line":30,"column":32},"end":{"line":30,"column":53}},"17":{"start":{"line":31,"column":36},"end":{"line":31,"column":121}},"18":{"start":{"line":31,"column":58},"end":{"line":31,"column":120}},"19":{"start":{"line":32,"column":16},"end":{"line":32,"column":57}},"20":{"start":{"line":34,"column":16},"end":{"line":34,"column":50}},"21":{"start":{"line":36,"column":16},"end":{"line":36,"column":74}},"22":{"start":{"line":39,"column":12},"end":{"line":39,"column":29}},"23":{"start":{"line":40,"column":12},"end":{"line":40,"column":107}},"24":{"start":{"line":45,"column":25},"end":{"line":60,"column":5}},"25":{"start":{"line":46,"column":8},"end":{"line":59,"column":9}},"26":{"start":{"line":47,"column":24},"end":{"line":47,"column":59}},"27":{"start":{"line":48,"column":12},"end":{"line":55,"column":13}},"28":{"start":{"line":49,"column":32},"end":{"line":49,"column":53}},"29":{"start":{"line":50,"column":36},"end":{"line":50,"column":109}},"30":{"start":{"line":50,"column":58},"end":{"line":50,"column":108}},"31":{"start":{"line":51,"column":16},"end":{"line":51,"column":43}},"32":{"start":{"line":52,"column":16},"end":{"line":52,"column":71}},"33":{"start":{"line":54,"column":16},"end":{"line":54,"column":71}},"34":{"start":{"line":57,"column":12},"end":{"line":57,"column":28}},"35":{"start":{"line":58,"column":12},"end":{"line":58,"column":117}},"36":{"start":{"line":64,"column":16},"end":{"line":78,"column":5}},"37":{"start":{"line":65,"column":8},"end":{"line":77,"column":9}},"38":{"start":{"line":66,"column":25},"end":{"line":66,"column":60}},"39":{"start":{"line":67,"column":12},"end":{"line":71,"column":13}},"40":{"start":{"line":68,"column":16},"end":{"line":68,"column":32}},"41":{"start":{"line":69,"column":16},"end":{"line":69,"column":28}},"42":{"start":{"line":70,"column":16},"end":{"line":70,"column":100}},"43":{"start":{"line":73,"column":12},"end":{"line":73,"column":99}},"44":{"start":{"line":76,"column":12},"end":{"line":76,"column":99}},"45":{"start":{"line":79,"column":23},"end":{"line":89,"column":5}},"46":{"start":{"line":80,"column":8},"end":{"line":88,"column":9}},"47":{"start":{"line":81,"column":25},"end":{"line":81,"column":60}},"48":{"start":{"line":82,"column":12},"end":{"line":84,"column":13}},"49":{"start":{"line":83,"column":16},"end":{"line":83,"column":91}},"50":{"start":{"line":85,"column":12},"end":{"line":85,"column":92}},"51":{"start":{"line":87,"column":12},"end":{"line":87,"column":103}},"52":{"start":{"line":91,"column":22},"end":{"line":103,"column":5}},"53":{"start":{"line":92,"column":8},"end":{"line":102,"column":9}},"54":{"start":{"line":93,"column":24},"end":{"line":93,"column":59}},"55":{"start":{"line":94,"column":12},"end":{"line":99,"column":13}},"56":{"start":{"line":95,"column":16},"end":{"line":95,"column":35}},"57":{"start":{"line":96,"column":16},"end":{"line":96,"column":93}},"58":{"start":{"line":98,"column":16},"end":{"line":98,"column":96}},"59":{"start":{"line":101,"column":8},"end":{"line":101,"column":100}},"60":{"start":{"line":105,"column":21},"end":{"line":123,"column":5}},"61":{"start":{"line":106,"column":8},"end":{"line":122,"column":9}},"62":{"start":{"line":107,"column":24},"end":{"line":107,"column":59}},"63":{"start":{"line":108,"column":12},"end":{"line":116,"column":13}},"64":{"start":{"line":109,"column":16},"end":{"line":109,"column":43}},"65":{"start":{"line":110,"column":16},"end":{"line":110,"column":47}},"66":{"start":{"line":111,"column":16},"end":{"line":113,"column":17}},"67":{"start":{"line":112,"column":20},"end":{"line":112,"column":50}},"68":{"start":{"line":114,"column":27},"end":{"line":114,"column":43}},"69":{"start":{"line":115,"column":16},"end":{"line":115,"column":105}},"70":{"start":{"line":117,"column":12},"end":{"line":117,"column":91}},"71":{"start":{"line":120,"column":12},"end":{"line":120,"column":29}},"72":{"start":{"line":121,"column":12},"end":{"line":121,"column":91}}},"fnMap":{"0":{"name":"(anonymous_0)","decl":{"start":{"line":5,"column":21},"end":{"line":5,"column":22}},"loc":{"start":{"line":5,"column":40},"end":{"line":23,"column":5}},"line":5},"1":{"name":"(anonymous_1)","decl":{"start":{"line":25,"column":20},"end":{"line":25,"column":21}},"loc":{"start":{"line":25,"column":39},"end":{"line":42,"column":5}},"line":25},"2":{"name":"(anonymous_2)","decl":{"start":{"line":31,"column":51},"end":{"line":31,"column":52}},"loc":{"start":{"line":31,"column":58},"end":{"line":31,"column":120}},"line":31},"3":{"name":"(anonymous_3)","decl":{"start":{"line":45,"column":25},"end":{"line":45,"column":26}},"loc":{"start":{"line":45,"column":44},"end":{"line":60,"column":5}},"line":45},"4":{"name":"(anonymous_4)","decl":{"start":{"line":50,"column":51},"end":{"line":50,"column":52}},"loc":{"start":{"line":50,"column":58},"end":{"line":50,"column":108}},"line":50},"5":{"name":"(anonymous_5)","decl":{"start":{"line":64,"column":16},"end":{"line":64,"column":17}},"loc":{"start":{"line":64,"column":34},"end":{"line":78,"column":5}},"line":64},"6":{"name":"(anonymous_6)","decl":{"start":{"line":79,"column":23},"end":{"line":79,"column":24}},"loc":{"start":{"line":79,"column":40},"end":{"line":89,"column":5}},"line":79},"7":{"name":"(anonymous_7)","decl":{"start":{"line":91,"column":22},"end":{"line":91,"column":23}},"loc":{"start":{"line":91,"column":40},"end":{"line":103,"column":5}},"line":91},"8":{"name":"(anonymous_8)","decl":{"start":{"line":105,"column":21},"end":{"line":105,"column":22}},"loc":{"start":{"line":105,"column":40},"end":{"line":123,"column":5}},"line":105}},"branchMap":{"0":{"loc":{"start":{"line":14,"column":13},"end":{"line":16,"column":14}},"type":"if","locations":[{"start":{"line":14,"column":13},"end":{"line":16,"column":14}},{"start":{},"end":{}}],"line":14},"1":{"loc":{"start":{"line":28,"column":12},"end":{"line":37,"column":13}},"type":"if","locations":[{"start":{"line":28,"column":12},"end":{"line":37,"column":13}},{"start":{"line":35,"column":18},"end":{"line":37,"column":13}}],"line":28},"2":{"loc":{"start":{"line":48,"column":12},"end":{"line":55,"column":13}},"type":"if","locations":[{"start":{"line":48,"column":12},"end":{"line":55,"column":13}},{"start":{"line":53,"column":18},"end":{"line":55,"column":13}}],"line":48},"3":{"loc":{"start":{"line":67,"column":12},"end":{"line":71,"column":13}},"type":"if","locations":[{"start":{"line":67,"column":12},"end":{"line":71,"column":13}},{"start":{},"end":{}}],"line":67},"4":{"loc":{"start":{"line":82,"column":12},"end":{"line":84,"column":13}},"type":"if","locations":[{"start":{"line":82,"column":12},"end":{"line":84,"column":13}},{"start":{},"end":{}}],"line":82},"5":{"loc":{"start":{"line":94,"column":12},"end":{"line":99,"column":13}},"type":"if","locations":[{"start":{"line":94,"column":12},"end":{"line":99,"column":13}},{"start":{"line":97,"column":18},"end":{"line":99,"column":13}}],"line":94},"6":{"loc":{"start":{"line":108,"column":12},"end":{"line":116,"column":13}},"type":"if","locations":[{"start":{"line":108,"column":12},"end":{"line":116,"column":13}},{"start":{},"end":{}}],"line":108},"7":{"loc":{"start":{"line":111,"column":16},"end":{"line":113,"column":17}},"type":"if","locations":[{"start":{"line":111,"column":16},"end":{"line":113,"column":17}},{"start":{},"end":{}}],"line":111}},"s":{"0":1,"1":1,"2":1,"3":1,"4":1,"5":1,"6":1,"7":1,"8":0,"9":0,"10":1,"11":1,"12":1,"13":1,"14":1,"15":1,"16":1,"17":1,"18":19,"19":1,"20":1,"21":0,"22":0,"23":0,"24":1,"25":0,"26":0,"27":0,"28":0,"29":0,"30":0,"31":0,"32":0,"33":0,"34":0,"35":0,"36":1,"37":0,"38":0,"39":0,"40":0,"41":0,"42":0,"43":0,"44":0,"45":1,"46":0,"47":0,"48":0,"49":0,"50":0,"51":0,"52":1,"53":2,"54":2,"55":2,"56":1,"57":1,"58":1,"59":0,"60":1,"61":0,"62":0,"63":0,"64":0,"65":0,"66":0,"67":0,"68":0,"69":0,"70":0,"71":0,"72":0},"f":{"0":1,"1":1,"2":19,"3":0,"4":0,"5":0,"6":0,"7":2,"8":0},"b":{"0":[1,0],"1":[1,0],"2":[0,0],"3":[0,0],"4":[0,0],"5":[1,1],"6":[0,0],"7":[0,0]},"_coverageSchema":"1a1c01bbd47fc00a2c39e90264f33305004495a9","hash":"a71f299fb5fba75b5743ad13be801ed85ca81fde"}
,"D:\\ATLP-C-25\\new-repo\\myBrandAPIs\\src\\controllers\\commentConroller.js": {"path":"D:\\ATLP-C-25\\new-repo\\myBrandAPIs\\src\\controllers\\commentConroller.js","statementMap":{"0":{"start":{"line":5,"column":18},"end":{"line":24,"column":5}},"1":{"start":{"line":6,"column":8},"end":{"line":23,"column":9}},"2":{"start":{"line":7,"column":43},"end":{"line":7,"column":51}},"3":{"start":{"line":8,"column":25},"end":{"line":11,"column":14}},"4":{"start":{"line":12,"column":25},"end":{"line":12,"column":60}},"5":{"start":{"line":13,"column":12},"end":{"line":18,"column":13}},"6":{"start":{"line":14,"column":16},"end":{"line":14,"column":40}},"7":{"start":{"line":15,"column":16},"end":{"line":15,"column":30}},"8":{"start":{"line":16,"column":33},"end":{"line":16,"column":50}},"9":{"start":{"line":17,"column":16},"end":{"line":17,"column":54}},"10":{"start":{"line":19,"column":12},"end":{"line":19,"column":124}},"11":{"start":{"line":21,"column":12},"end":{"line":21,"column":28}},"12":{"start":{"line":22,"column":12},"end":{"line":22,"column":85}}},"fnMap":{"0":{"name":"(anonymous_0)","decl":{"start":{"line":5,"column":18},"end":{"line":5,"column":19}},"loc":{"start":{"line":5,"column":37},"end":{"line":24,"column":5}},"line":5}},"branchMap":{"0":{"loc":{"start":{"line":13,"column":12},"end":{"line":18,"column":13}},"type":"if","locations":[{"start":{"line":13,"column":12},"end":{"line":18,"column":13}},{"start":{},"end":{}}],"line":13}},"s":{"0":1,"1":2,"2":2,"3":2,"4":2,"5":2,"6":1,"7":1,"8":1,"9":1,"10":1,"11":0,"12":0},"f":{"0":2},"b":{"0":[1,1]},"_coverageSchema":"1a1c01bbd47fc00a2c39e90264f33305004495a9","hash":"8d6480742ec519a256e9ce29459de6771e558cfb"}
,"D:\\ATLP-C-25\\new-repo\\myBrandAPIs\\src\\controllers\\messageContriller.js": {"path":"D:\\ATLP-C-25\\new-repo\\myBrandAPIs\\src\\controllers\\messageContriller.js","statementMap":{"0":{"start":{"line":4,"column":20},"end":{"line":17,"column":5}},"1":{"start":{"line":5,"column":8},"end":{"line":16,"column":9}},"2":{"start":{"line":6,"column":47},"end":{"line":6,"column":55}},"3":{"start":{"line":7,"column":24},"end":{"line":10,"column":14}},"4":{"start":{"line":11,"column":32},"end":{"line":11,"column":48}},"5":{"start":{"line":12,"column":12},"end":{"line":12,"column":97}},"6":{"start":{"line":14,"column":12},"end":{"line":14,"column":28}},"7":{"start":{"line":15,"column":12},"end":{"line":15,"column":86}},"8":{"start":{"line":19,"column":20},"end":{"line":29,"column":5}},"9":{"start":{"line":20,"column":8},"end":{"line":28,"column":9}},"10":{"start":{"line":21,"column":24},"end":{"line":21,"column":44}},"11":{"start":{"line":22,"column":12},"end":{"line":24,"column":13}},"12":{"start":{"line":23,"column":16},"end":{"line":23,"column":49}},"13":{"start":{"line":25,"column":12},"end":{"line":25,"column":64}},"14":{"start":{"line":27,"column":12},"end":{"line":27,"column":88}}},"fnMap":{"0":{"name":"(anonymous_0)","decl":{"start":{"line":4,"column":20},"end":{"line":4,"column":21}},"loc":{"start":{"line":4,"column":39},"end":{"line":17,"column":5}},"line":4},"1":{"name":"(anonymous_1)","decl":{"start":{"line":19,"column":20},"end":{"line":19,"column":21}},"loc":{"start":{"line":19,"column":40},"end":{"line":29,"column":5}},"line":19}},"branchMap":{"0":{"loc":{"start":{"line":22,"column":12},"end":{"line":24,"column":13}},"type":"if","locations":[{"start":{"line":22,"column":12},"end":{"line":24,"column":13}},{"start":{},"end":{}}],"line":22}},"s":{"0":2,"1":0,"2":0,"3":0,"4":0,"5":0,"6":0,"7":0,"8":2,"9":0,"10":0,"11":0,"12":0,"13":0,"14":0},"f":{"0":0,"1":0},"b":{"0":[0,0]},"_coverageSchema":"1a1c01bbd47fc00a2c39e90264f33305004495a9","hash":"894b6fda13c116404f642b358eeb99a4b5c897d1"}
,"D:\\ATLP-C-25\\new-repo\\myBrandAPIs\\src\\middleware\\articleExist.js": {"path":"D:\\ATLP-C-25\\new-repo\\myBrandAPIs\\src\\middleware\\articleExist.js","statementMap":{"0":{"start":{"line":3,"column":24},"end":{"line":10,"column":1}},"1":{"start":{"line":4,"column":18},"end":{"line":4,"column":32}},"2":{"start":{"line":5,"column":18},"end":{"line":5,"column":46}},"3":{"start":{"line":6,"column":4},"end":{"line":8,"column":5}},"4":{"start":{"line":7,"column":8},"end":{"line":7,"column":96}},"5":{"start":{"line":9,"column":4},"end":{"line":9,"column":11}}},"fnMap":{"0":{"name":"(anonymous_0)","decl":{"start":{"line":3,"column":24},"end":{"line":3,"column":25}},"loc":{"start":{"line":3,"column":50},"end":{"line":10,"column":1}},"line":3}},"branchMap":{"0":{"loc":{"start":{"line":6,"column":4},"end":{"line":8,"column":5}},"type":"if","locations":[{"start":{"line":6,"column":4},"end":{"line":8,"column":5}},{"start":{},"end":{}}],"line":6}},"s":{"0":1,"1":1,"2":1,"3":1,"4":0,"5":1},"f":{"0":1},"b":{"0":[0,1]},"_coverageSchema":"1a1c01bbd47fc00a2c39e90264f33305004495a9","hash":"4fcf16f66886f4fb611142380abb0ebe8d1b9a3c"}
,"D:\\ATLP-C-25\\new-repo\\myBrandAPIs\\src\\middleware\\auth.js": {"path":"D:\\ATLP-C-25\\new-repo\\myBrandAPIs\\src\\middleware\\auth.js","statementMap":{"0":{"start":{"line":7,"column":0},"end":{"line":7,"column":16}},"1":{"start":{"line":9,"column":20},"end":{"line":9,"column":42}},"2":{"start":{"line":10,"column":18},"end":{"line":10,"column":38}},"3":{"start":{"line":11,"column":17},"end":{"line":11,"column":38}},"4":{"start":{"line":15,"column":4},"end":{"line":31,"column":6}},"5":{"start":{"line":23,"column":10},"end":{"line":28,"column":11}},"6":{"start":{"line":24,"column":25},"end":{"line":24,"column":69}},"7":{"start":{"line":25,"column":12},"end":{"line":25,"column":36}},"8":{"start":{"line":27,"column":12},"end":{"line":27,"column":24}},"9":{"start":{"line":35,"column":4},"end":{"line":58,"column":6}},"10":{"start":{"line":43,"column":10},"end":{"line":55,"column":11}},"11":{"start":{"line":44,"column":25},"end":{"line":44,"column":60}},"12":{"start":{"line":45,"column":12},"end":{"line":47,"column":13}},"13":{"start":{"line":46,"column":14},"end":{"line":46,"column":76}},"14":{"start":{"line":48,"column":29},"end":{"line":48,"column":65}},"15":{"start":{"line":49,"column":12},"end":{"line":51,"column":13}},"16":{"start":{"line":50,"column":14},"end":{"line":50,"column":70}},"17":{"start":{"line":52,"column":12},"end":{"line":52,"column":75}},"18":{"start":{"line":54,"column":12},"end":{"line":54,"column":31}},"19":{"start":{"line":60,"column":4},"end":{"line":74,"column":6}},"20":{"start":{"line":67,"column":10},"end":{"line":71,"column":11}},"21":{"start":{"line":68,"column":12},"end":{"line":68,"column":42}},"22":{"start":{"line":70,"column":12},"end":{"line":70,"column":24}}},"fnMap":{"0":{"name":"(anonymous_0)","decl":{"start":{"line":22,"column":8},"end":{"line":22,"column":9}},"loc":{"start":{"line":22,"column":41},"end":{"line":29,"column":9}},"line":22},"1":{"name":"(anonymous_1)","decl":{"start":{"line":42,"column":8},"end":{"line":42,"column":9}},"loc":{"start":{"line":42,"column":41},"end":{"line":56,"column":9}},"line":42},"2":{"name":"(anonymous_2)","decl":{"start":{"line":66,"column":8},"end":{"line":66,"column":9}},"loc":{"start":{"line":66,"column":31},"end":{"line":72,"column":9}},"line":66}},"branchMap":{"0":{"loc":{"start":{"line":45,"column":12},"end":{"line":47,"column":13}},"type":"if","locations":[{"start":{"line":45,"column":12},"end":{"line":47,"column":13}},{"start":{},"end":{}}],"line":45},"1":{"loc":{"start":{"line":49,"column":12},"end":{"line":51,"column":13}},"type":"if","locations":[{"start":{"line":49,"column":12},"end":{"line":51,"column":13}},{"start":{},"end":{}}],"line":49}},"s":{"0":1,"1":1,"2":1,"3":1,"4":1,"5":1,"6":1,"7":1,"8":0,"9":1,"10":2,"11":2,"12":2,"13":1,"14":1,"15":1,"16":0,"17":1,"18":0,"19":1,"20":3,"21":3,"22":0},"f":{"0":1,"1":2,"2":3},"b":{"0":[1,1],"1":[0,1]},"_coverageSchema":"1a1c01bbd47fc00a2c39e90264f33305004495a9","hash":"04f7ce572d69cfbe2fd11642df626c468cab74b9"}
,"D:\\ATLP-C-25\\new-repo\\myBrandAPIs\\src\\middleware\\isUserExist.js": {"path":"D:\\ATLP-C-25\\new-repo\\myBrandAPIs\\src\\middleware\\isUserExist.js","statementMap":{"0":{"start":{"line":3,"column":22},"end":{"line":10,"column":1}},"1":{"start":{"line":4,"column":23},"end":{"line":4,"column":37}},"2":{"start":{"line":5,"column":17},"end":{"line":5,"column":57}},"3":{"start":{"line":6,"column":4},"end":{"line":8,"column":5}},"4":{"start":{"line":7,"column":8},"end":{"line":7,"column":97}},"5":{"start":{"line":9,"column":4},"end":{"line":9,"column":11}}},"fnMap":{"0":{"name":"(anonymous_0)","decl":{"start":{"line":3,"column":22},"end":{"line":3,"column":23}},"loc":{"start":{"line":3,"column":46},"end":{"line":10,"column":1}},"line":3}},"branchMap":{"0":{"loc":{"start":{"line":6,"column":4},"end":{"line":8,"column":5}},"type":"if","locations":[{"start":{"line":6,"column":4},"end":{"line":8,"column":5}},{"start":{},"end":{}}],"line":6}},"s":{"0":1,"1":2,"2":2,"3":2,"4":1,"5":1},"f":{"0":2},"b":{"0":[1,1]},"_coverageSchema":"1a1c01bbd47fc00a2c39e90264f33305004495a9","hash":"a3b4038385fde114c4fc08771d97b3fcc9c05c9b"}
,"D:\\ATLP-C-25\\new-repo\\myBrandAPIs\\src\\middleware\\signIn.js": {"path":"D:\\ATLP-C-25\\new-repo\\myBrandAPIs\\src\\middleware\\signIn.js","statementMap":{"0":{"start":{"line":5,"column":15},"end":{"line":27,"column":3}},"1":{"start":{"line":6,"column":4},"end":{"line":26,"column":22}},"2":{"start":{"line":9,"column":8},"end":{"line":24,"column":9}},"3":{"start":{"line":10,"column":10},"end":{"line":12,"column":11}},"4":{"start":{"line":11,"column":12},"end":{"line":11,"column":66}},"5":{"start":{"line":13,"column":10},"end":{"line":21,"column":12}},"6":{"start":{"line":16,"column":14},"end":{"line":16,"column":44}},"7":{"start":{"line":16,"column":25},"end":{"line":16,"column":44}},"8":{"start":{"line":17,"column":27},"end":{"line":17,"column":63}},"9":{"start":{"line":18,"column":28},"end":{"line":18,"column":85}},"10":{"start":{"line":19,"column":14},"end":{"line":19,"column":80}},"11":{"start":{"line":23,"column":10},"end":{"line":23,"column":29}}},"fnMap":{"0":{"name":"(anonymous_0)","decl":{"start":{"line":5,"column":15},"end":{"line":5,"column":16}},"loc":{"start":{"line":5,"column":35},"end":{"line":27,"column":3}},"line":5},"1":{"name":"(anonymous_1)","decl":{"start":{"line":8,"column":6},"end":{"line":8,"column":7}},"loc":{"start":{"line":8,"column":33},"end":{"line":25,"column":7}},"line":8},"2":{"name":"(anonymous_2)","decl":{"start":{"line":15,"column":12},"end":{"line":15,"column":13}},"loc":{"start":{"line":15,"column":29},"end":{"line":20,"column":13}},"line":15}},"branchMap":{"0":{"loc":{"start":{"line":10,"column":10},"end":{"line":12,"column":11}},"type":"if","locations":[{"start":{"line":10,"column":10},"end":{"line":12,"column":11}},{"start":{},"end":{}}],"line":10},"1":{"loc":{"start":{"line":10,"column":14},"end":{"line":10,"column":26}},"type":"binary-expr","locations":[{"start":{"line":10,"column":14},"end":{"line":10,"column":17}},{"start":{"line":10,"column":21},"end":{"line":10,"column":26}}],"line":10},"2":{"loc":{"start":{"line":16,"column":14},"end":{"line":16,"column":44}},"type":"if","locations":[{"start":{"line":16,"column":14},"end":{"line":16,"column":44}},{"start":{},"end":{}}],"line":16}},"s":{"0":1,"1":2,"2":2,"3":2,"4":1,"5":1,"6":1,"7":0,"8":1,"9":1,"10":1,"11":0},"f":{"0":2,"1":2,"2":1},"b":{"0":[1,1],"1":[2,2],"2":[0,1]},"_coverageSchema":"1a1c01bbd47fc00a2c39e90264f33305004495a9","hash":"fc9206663e987cd7239fc7eae37a480a90f9443a"}
,"D:\\ATLP-C-25\\new-repo\\myBrandAPIs\\src\\middleware\\sinUp.js": {"path":"D:\\ATLP-C-25\\new-repo\\myBrandAPIs\\src\\middleware\\sinUp.js","statementMap":{"0":{"start":{"line":2,"column":15},"end":{"line":7,"column":1}},"1":{"start":{"line":3,"column":4},"end":{"line":6,"column":7}}},"fnMap":{"0":{"name":"(anonymous_0)","decl":{"start":{"line":2,"column":15},"end":{"line":2,"column":16}},"loc":{"start":{"line":2,"column":35},"end":{"line":7,"column":1}},"line":2}},"branchMap":{},"s":{"0":1,"1":1},"f":{"0":1},"b":{},"_coverageSchema":"1a1c01bbd47fc00a2c39e90264f33305004495a9","hash":"cda845d28381ec11c7156994af7bae43fef068b6"}
,"D:\\ATLP-C-25\\new-repo\\myBrandAPIs\\src\\middleware\\validations\\articleValidate.js": {"path":"D:\\ATLP-C-25\\new-repo\\myBrandAPIs\\src\\middleware\\validations\\articleValidate.js","statementMap":{"0":{"start":{"line":3,"column":24},"end":{"line":14,"column":1}},"1":{"start":{"line":4,"column":19},"end":{"line":7,"column":10}},"2":{"start":{"line":8,"column":20},"end":{"line":8,"column":45}},"3":{"start":{"line":9,"column":4},"end":{"line":13,"column":5}},"4":{"start":{"line":10,"column":8},"end":{"line":10,"column":62}},"5":{"start":{"line":12,"column":8},"end":{"line":12,"column":15}}},"fnMap":{"0":{"name":"(anonymous_0)","decl":{"start":{"line":3,"column":24},"end":{"line":3,"column":25}},"loc":{"start":{"line":3,"column":44},"end":{"line":14,"column":1}},"line":3}},"branchMap":{"0":{"loc":{"start":{"line":9,"column":4},"end":{"line":13,"column":5}},"type":"if","locations":[{"start":{"line":9,"column":4},"end":{"line":13,"column":5}},{"start":{"line":11,"column":10},"end":{"line":13,"column":5}}],"line":9}},"s":{"0":1,"1":1,"2":1,"3":1,"4":0,"5":1},"f":{"0":1},"b":{"0":[0,1]},"_coverageSchema":"1a1c01bbd47fc00a2c39e90264f33305004495a9","hash":"4d940a1378cffeee31770d8cc3c7eb8d0a2dfc16"}
,"D:\\ATLP-C-25\\new-repo\\myBrandAPIs\\src\\middleware\\validations\\commentValidate.js": {"path":"D:\\ATLP-C-25\\new-repo\\myBrandAPIs\\src\\middleware\\validations\\commentValidate.js","statementMap":{"0":{"start":{"line":3,"column":24},"end":{"line":17,"column":1}},"1":{"start":{"line":4,"column":19},"end":{"line":8,"column":10}},"2":{"start":{"line":10,"column":20},"end":{"line":10,"column":45}},"3":{"start":{"line":12,"column":4},"end":{"line":16,"column":5}},"4":{"start":{"line":13,"column":8},"end":{"line":13,"column":62}},"5":{"start":{"line":15,"column":8},"end":{"line":15,"column":15}}},"fnMap":{"0":{"name":"(anonymous_0)","decl":{"start":{"line":3,"column":24},"end":{"line":3,"column":25}},"loc":{"start":{"line":3,"column":44},"end":{"line":17,"column":1}},"line":3}},"branchMap":{"0":{"loc":{"start":{"line":12,"column":4},"end":{"line":16,"column":5}},"type":"if","locations":[{"start":{"line":12,"column":4},"end":{"line":16,"column":5}},{"start":{"line":14,"column":10},"end":{"line":16,"column":5}}],"line":12}},"s":{"0":1,"1":2,"2":2,"3":2,"4":0,"5":2},"f":{"0":2},"b":{"0":[0,2]},"_coverageSchema":"1a1c01bbd47fc00a2c39e90264f33305004495a9","hash":"4fac68810947c478bf8bec471c32ea8eb00ed5b5"}
,"D:\\ATLP-C-25\\new-repo\\myBrandAPIs\\src\\middleware\\validations\\messageValidate.js": {"path":"D:\\ATLP-C-25\\new-repo\\myBrandAPIs\\src\\middleware\\validations\\messageValidate.js","statementMap":{"0":{"start":{"line":3,"column":24},"end":{"line":17,"column":1}},"1":{"start":{"line":4,"column":19},"end":{"line":8,"column":10}},"2":{"start":{"line":10,"column":19},"end":{"line":10,"column":44}},"3":{"start":{"line":12,"column":4},"end":{"line":16,"column":5}},"4":{"start":{"line":13,"column":8},"end":{"line":13,"column":62}},"5":{"start":{"line":15,"column":8},"end":{"line":15,"column":15}}},"fnMap":{"0":{"name":"(anonymous_0)","decl":{"start":{"line":3,"column":24},"end":{"line":3,"column":25}},"loc":{"start":{"line":3,"column":44},"end":{"line":17,"column":1}},"line":3}},"branchMap":{"0":{"loc":{"start":{"line":12,"column":4},"end":{"line":16,"column":5}},"type":"if","locations":[{"start":{"line":12,"column":4},"end":{"line":16,"column":5}},{"start":{"line":14,"column":10},"end":{"line":16,"column":5}}],"line":12}},"s":{"0":1,"1":0,"2":0,"3":0,"4":0,"5":0},"f":{"0":0},"b":{"0":[0,0]},"_coverageSchema":"1a1c01bbd47fc00a2c39e90264f33305004495a9","hash":"b4a5cd6be8d75dfd2d1c8a6a3cd4a7af32b6342c"}
,"D:\\ATLP-C-25\\new-repo\\myBrandAPIs\\src\\middleware\\validations\\signIn.js": {"path":"D:\\ATLP-C-25\\new-repo\\myBrandAPIs\\src\\middleware\\validations\\signIn.js","statementMap":{"0":{"start":{"line":3,"column":29},"end":{"line":15,"column":1}},"1":{"start":{"line":4,"column":19},"end":{"line":7,"column":10}},"2":{"start":{"line":9,"column":19},"end":{"line":9,"column":44}},"3":{"start":{"line":10,"column":4},"end":{"line":14,"column":5}},"4":{"start":{"line":11,"column":8},"end":{"line":11,"column":51}},"5":{"start":{"line":13,"column":8},"end":{"line":13,"column":15}}},"fnMap":{"0":{"name":"(anonymous_0)","decl":{"start":{"line":3,"column":29},"end":{"line":3,"column":30}},"loc":{"start":{"line":3,"column":49},"end":{"line":15,"column":1}},"line":3}},"branchMap":{"0":{"loc":{"start":{"line":10,"column":4},"end":{"line":14,"column":5}},"type":"if","locations":[{"start":{"line":10,"column":4},"end":{"line":14,"column":5}},{"start":{"line":12,"column":10},"end":{"line":14,"column":5}}],"line":10}},"s":{"0":1,"1":2,"2":2,"3":2,"4":0,"5":2},"f":{"0":2},"b":{"0":[0,2]},"_coverageSchema":"1a1c01bbd47fc00a2c39e90264f33305004495a9","hash":"2687ab22a5da67fc2439040911f55f0521304100"}
,"D:\\ATLP-C-25\\new-repo\\myBrandAPIs\\src\\middleware\\validations\\signUp.js": {"path":"D:\\ATLP-C-25\\new-repo\\myBrandAPIs\\src\\middleware\\validations\\signUp.js","statementMap":{"0":{"start":{"line":3,"column":29},"end":{"line":19,"column":1}},"1":{"start":{"line":4,"column":32},"end":{"line":4,"column":87}},"2":{"start":{"line":5,"column":33},"end":{"line":5,"column":214}},"3":{"start":{"line":6,"column":24},"end":{"line":6,"column":57}},"4":{"start":{"line":7,"column":19},"end":{"line":10,"column":10}},"5":{"start":{"line":12,"column":19},"end":{"line":12,"column":44}},"6":{"start":{"line":14,"column":4},"end":{"line":18,"column":5}},"7":{"start":{"line":15,"column":8},"end":{"line":15,"column":51}},"8":{"start":{"line":17,"column":8},"end":{"line":17,"column":15}}},"fnMap":{"0":{"name":"(anonymous_0)","decl":{"start":{"line":3,"column":29},"end":{"line":3,"column":30}},"loc":{"start":{"line":3,"column":49},"end":{"line":19,"column":1}},"line":3}},"branchMap":{"0":{"loc":{"start":{"line":14,"column":4},"end":{"line":18,"column":5}},"type":"if","locations":[{"start":{"line":14,"column":4},"end":{"line":18,"column":5}},{"start":{"line":16,"column":10},"end":{"line":18,"column":5}}],"line":14}},"s":{"0":1,"1":2,"2":2,"3":2,"4":2,"5":2,"6":2,"7":0,"8":2},"f":{"0":2},"b":{"0":[0,2]},"_coverageSchema":"1a1c01bbd47fc00a2c39e90264f33305004495a9","hash":"aec45fe8d56ed17361b5970e1c843cdbcf0e3e32"}
,"D:\\ATLP-C-25\\new-repo\\myBrandAPIs\\src\\models\\admin.js": {"path":"D:\\ATLP-C-25\\new-repo\\myBrandAPIs\\src\\models\\admin.js","statementMap":{"0":{"start":{"line":4,"column":20},"end":{"line":7,"column":2}},"1":{"start":{"line":9,"column":0},"end":{"line":17,"column":4}},"2":{"start":{"line":12,"column":19},"end":{"line":12,"column":23}},"3":{"start":{"line":13,"column":19},"end":{"line":13,"column":55}},"4":{"start":{"line":14,"column":6},"end":{"line":14,"column":27}},"5":{"start":{"line":15,"column":6},"end":{"line":15,"column":13}},"6":{"start":{"line":19,"column":4},"end":{"line":23,"column":3}},"7":{"start":{"line":20,"column":17},"end":{"line":20,"column":21}},"8":{"start":{"line":21,"column":20},"end":{"line":21,"column":65}},"9":{"start":{"line":22,"column":4},"end":{"line":22,"column":19}}},"fnMap":{"0":{"name":"(anonymous_0)","decl":{"start":{"line":11,"column":4},"end":{"line":11,"column":5}},"loc":{"start":{"line":11,"column":25},"end":{"line":16,"column":5}},"line":11},"1":{"name":"(anonymous_1)","decl":{"start":{"line":19,"column":42},"end":{"line":19,"column":43}},"loc":{"start":{"line":19,"column":67},"end":{"line":23,"column":3}},"line":19}},"branchMap":{},"s":{"0":1,"1":1,"2":1,"3":1,"4":1,"5":1,"6":1,"7":1,"8":1,"9":1},"f":{"0":1,"1":1},"b":{},"_coverageSchema":"1a1c01bbd47fc00a2c39e90264f33305004495a9","hash":"a78ecff97d50b1aeaf7a907b1845453c7a88b174"}
,"D:\\ATLP-C-25\\new-repo\\myBrandAPIs\\src\\models\\blog.js": {"path":"D:\\ATLP-C-25\\new-repo\\myBrandAPIs\\src\\models\\blog.js","statementMap":{"0":{"start":{"line":3,"column":13},"end":{"line":13,"column":2}},"1":{"start":{"line":11,"column":23},"end":{"line":11,"column":33}}},"fnMap":{"0":{"name":"(anonymous_0)","decl":{"start":{"line":11,"column":17},"end":{"line":11,"column":18}},"loc":{"start":{"line":11,"column":23},"end":{"line":11,"column":33}},"line":11}},"branchMap":{},"s":{"0":1,"1":1},"f":{"0":1},"b":{},"_coverageSchema":"1a1c01bbd47fc00a2c39e90264f33305004495a9","hash":"d5e420afb152ff9472fa9b48afcfe764c1a25480"}
,"D:\\ATLP-C-25\\new-repo\\myBrandAPIs\\src\\models\\comment.js": {"path":"D:\\ATLP-C-25\\new-repo\\myBrandAPIs\\src\\models\\comment.js","statementMap":{"0":{"start":{"line":3,"column":16},"end":{"line":12,"column":2}},"1":{"start":{"line":10,"column":31},"end":{"line":10,"column":41}}},"fnMap":{"0":{"name":"(anonymous_0)","decl":{"start":{"line":10,"column":25},"end":{"line":10,"column":26}},"loc":{"start":{"line":10,"column":31},"end":{"line":10,"column":41}},"line":10}},"branchMap":{},"s":{"0":1,"1":2},"f":{"0":2},"b":{},"_coverageSchema":"1a1c01bbd47fc00a2c39e90264f33305004495a9","hash":"def414cf8725c88dac36bb4904ee5086fcfe9f49"}
,"D:\\ATLP-C-25\\new-repo\\myBrandAPIs\\src\\models\\message.js": {"path":"D:\\ATLP-C-25\\new-repo\\myBrandAPIs\\src\\models\\message.js","statementMap":{"0":{"start":{"line":3,"column":16},"end":{"line":12,"column":2}},"1":{"start":{"line":10,"column":31},"end":{"line":10,"column":41}}},"fnMap":{"0":{"name":"(anonymous_0)","decl":{"start":{"line":10,"column":25},"end":{"line":10,"column":26}},"loc":{"start":{"line":10,"column":31},"end":{"line":10,"column":41}},"line":10}},"branchMap":{},"s":{"0":1,"1":0},"f":{"0":0},"b":{},"_coverageSchema":"1a1c01bbd47fc00a2c39e90264f33305004495a9","hash":"86fef2733f647beddd763954a0c2708effcec3e2"}
,"D:\\ATLP-C-25\\new-repo\\myBrandAPIs\\src\\routes\\routes.js": {"path":"D:\\ATLP-C-25\\new-repo\\myBrandAPIs\\src\\routes\\routes.js","statementMap":{"0":{"start":{"line":20,"column":0},"end":{"line":20,"column":16}},"1":{"start":{"line":22,"column":15},"end":{"line":22,"column":23}},"2":{"start":{"line":24,"column":20},"end":{"line":24,"column":33}},"3":{"start":{"line":25,"column":26},"end":{"line":25,"column":43}},"4":{"start":{"line":26,"column":29},"end":{"line":26,"column":52}},"5":{"start":{"line":27,"column":20},"end":{"line":27,"column":37}},"6":{"start":{"line":29,"column":0},"end":{"line":29,"column":52}},"7":{"start":{"line":31,"column":0},"end":{"line":31,"column":61}},"8":{"start":{"line":33,"column":0},"end":{"line":33,"column":85}},"9":{"start":{"line":35,"column":0},"end":{"line":35,"column":66}},"10":{"start":{"line":37,"column":0},"end":{"line":37,"column":59}},"11":{"start":{"line":39,"column":0},"end":{"line":39,"column":67}},"12":{"start":{"line":41,"column":0},"end":{"line":42,"column":37}},"13":{"start":{"line":44,"column":0},"end":{"line":46,"column":21}},"14":{"start":{"line":48,"column":0},"end":{"line":48,"column":51}},"15":{"start":{"line":51,"column":0},"end":{"line":53,"column":45}},"16":{"start":{"line":57,"column":0},"end":{"line":58,"column":33}},"17":{"start":{"line":62,"column":0},"end":{"line":65,"column":49}}},"fnMap":{},"branchMap":{},"s":{"0":1,"1":1,"2":1,"3":1,"4":1,"5":1,"6":1,"7":1,"8":1,"9":1,"10":1,"11":1,"12":1,"13":1,"14":1,"15":1,"16":1,"17":1},"f":{},"b":{},"_coverageSchema":"1a1c01bbd47fc00a2c39e90264f33305004495a9","hash":"20a4097c5fac414d854a9269cd258b52281e092c"}
,"D:\\ATLP-C-25\\new-repo\\myBrandAPIs\\src\\upload\\saveImage.js": {"path":"D:\\ATLP-C-25\\new-repo\\myBrandAPIs\\src\\upload\\saveImage.js","statementMap":{"0":{"start":{"line":3,"column":17},"end":{"line":3,"column":38}},"1":{"start":{"line":5,"column":16},"end":{"line":11,"column":2}},"2":{"start":{"line":7,"column":4},"end":{"line":7,"column":28}},"3":{"start":{"line":9,"column":8},"end":{"line":9,"column":91}},"4":{"start":{"line":12,"column":15},"end":{"line":14,"column":2}}},"fnMap":{"0":{"name":"(anonymous_0)","decl":{"start":{"line":6,"column":17},"end":{"line":6,"column":18}},"loc":{"start":{"line":6,"column":41},"end":{"line":7,"column":30}},"line":6},"1":{"name":"(anonymous_1)","decl":{"start":{"line":8,"column":14},"end":{"line":8,"column":15}},"loc":{"start":{"line":8,"column":33},"end":{"line":10,"column":5}},"line":8}},"branchMap":{},"s":{"0":1,"1":1,"2":1,"3":1,"4":1},"f":{"0":1,"1":1},"b":{},"_coverageSchema":"1a1c01bbd47fc00a2c39e90264f33305004495a9","hash":"cc86b9edd3059a99818a43d2d1f65d9df984c760"}
}
