{"total": {"lines":{"total":235,"covered":200,"skipped":0,"pct":85.1},"statements":{"total":239,"covered":203,"skipped":0,"pct":84.93},"functions":{"total":33,"covered":32,"skipped":0,"pct":96.96},"branches":{"total":46,"covered":30,"skipped":0,"pct":65.21},"branchesTrue":{"total":0,"covered":0,"skipped":0,"pct":100}}
,"D:\\ATLP-C-25\\new-repo\\myBrandAPIs\\index.js": {"lines":{"total":16,"covered":16,"skipped":0,"pct":100},"functions":{"total":0,"covered":0,"skipped":0,"pct":100},"statements":{"total":16,"covered":16,"skipped":0,"pct":100},"branches":{"total":2,"covered":1,"skipped":0,"pct":50}}
,"D:\\ATLP-C-25\\new-repo\\myBrandAPIs\\src\\controllers\\articleController.js": {"lines":{"total":70,"covered":52,"skipped":0,"pct":74.28},"functions":{"total":9,"covered":8,"skipped":0,"pct":88.88},"statements":{"total":73,"covered":55,"skipped":0,"pct":75.34},"branches":{"total":16,"covered":10,"skipped":0,"pct":62.5}}
,"D:\\ATLP-C-25\\new-repo\\myBrandAPIs\\src\\controllers\\commentConroller.js": {"lines":{"total":13,"covered":11,"skipped":0,"pct":84.61},"functions":{"total":1,"covered":1,"skipped":0,"pct":100},"statements":{"total":13,"covered":11,"skipped":0,"pct":84.61},"branches":{"total":2,"covered":2,"skipped":0,"pct":100}}
,"D:\\ATLP-C-25\\new-repo\\myBrandAPIs\\src\\controllers\\messageContriller.js": {"lines":{"total":15,"covered":11,"skipped":0,"pct":73.33},"functions":{"total":2,"covered":2,"skipped":0,"pct":100},"statements":{"total":15,"covered":11,"skipped":0,"pct":73.33},"branches":{"total":2,"covered":1,"skipped":0,"pct":50}}
,"D:\\ATLP-C-25\\new-repo\\myBrandAPIs\\src\\middleware\\articleExist.js": {"lines":{"total":6,"covered":5,"skipped":0,"pct":83.33},"functions":{"total":1,"covered":1,"skipped":0,"pct":100},"statements":{"total":6,"covered":5,"skipped":0,"pct":83.33},"branches":{"total":2,"covered":1,"skipped":0,"pct":50}}
,"D:\\ATLP-C-25\\new-repo\\myBrandAPIs\\src\\middleware\\auth.js": {"lines":{"total":23,"covered":19,"skipped":0,"pct":82.6},"functions":{"total":3,"covered":3,"skipped":0,"pct":100},"statements":{"total":23,"covered":19,"skipped":0,"pct":82.6},"branches":{"total":4,"covered":3,"skipped":0,"pct":75}}
,"D:\\ATLP-C-25\\new-repo\\myBrandAPIs\\src\\middleware\\isUserExist.js": {"lines":{"total":6,"covered":6,"skipped":0,"pct":100},"functions":{"total":1,"covered":1,"skipped":0,"pct":100},"statements":{"total":6,"covered":6,"skipped":0,"pct":100},"branches":{"total":2,"covered":2,"skipped":0,"pct":100}}
,"D:\\ATLP-C-25\\new-repo\\myBrandAPIs\\src\\middleware\\signIn.js": {"lines":{"total":12,"covered":11,"skipped":0,"pct":91.66},"functions":{"total":3,"covered":3,"skipped":0,"pct":100},"statements":{"total":13,"covered":11,"skipped":0,"pct":84.61},"branches":{"total":6,"covered":5,"skipped":0,"pct":83.33}}
,"D:\\ATLP-C-25\\new-repo\\myBrandAPIs\\src\\middleware\\sinUp.js": {"lines":{"total":2,"covered":2,"skipped":0,"pct":100},"functions":{"total":1,"covered":1,"skipped":0,"pct":100},"statements":{"total":2,"covered":2,"skipped":0,"pct":100},"branches":{"total":0,"covered":0,"skipped":0,"pct":100}}
,"D:\\ATLP-C-25\\new-repo\\myBrandAPIs\\src\\middleware\\validations\\articleValidate.js": {"lines":{"total":6,"covered":5,"skipped":0,"pct":83.33},"functions":{"total":1,"covered":1,"skipped":0,"pct":100},"statements":{"total":6,"covered":5,"skipped":0,"pct":83.33},"branches":{"total":2,"covered":1,"skipped":0,"pct":50}}
,"D:\\ATLP-C-25\\new-repo\\myBrandAPIs\\src\\middleware\\validations\\commentValidate.js": {"lines":{"total":6,"covered":5,"skipped":0,"pct":83.33},"functions":{"total":1,"covered":1,"skipped":0,"pct":100},"statements":{"total":6,"covered":5,"skipped":0,"pct":83.33},"branches":{"total":2,"covered":1,"skipped":0,"pct":50}}
,"D:\\ATLP-C-25\\new-repo\\myBrandAPIs\\src\\middleware\\validations\\messageValidate.js": {"lines":{"total":6,"covered":5,"skipped":0,"pct":83.33},"functions":{"total":1,"covered":1,"skipped":0,"pct":100},"statements":{"total":6,"covered":5,"skipped":0,"pct":83.33},"branches":{"total":2,"covered":1,"skipped":0,"pct":50}}
,"D:\\ATLP-C-25\\new-repo\\myBrandAPIs\\src\\middleware\\validations\\signIn.js": {"lines":{"total":6,"covered":5,"skipped":0,"pct":83.33},"functions":{"total":1,"covered":1,"skipped":0,"pct":100},"statements":{"total":6,"covered":5,"skipped":0,"pct":83.33},"branches":{"total":2,"covered":1,"skipped":0,"pct":50}}
,"D:\\ATLP-C-25\\new-repo\\myBrandAPIs\\src\\middleware\\validations\\signUp.js": {"lines":{"total":9,"covered":8,"skipped":0,"pct":88.88},"functions":{"total":1,"covered":1,"skipped":0,"pct":100},"statements":{"total":9,"covered":8,"skipped":0,"pct":88.88},"branches":{"total":2,"covered":1,"skipped":0,"pct":50}}
,"D:\\ATLP-C-25\\new-repo\\myBrandAPIs\\src\\models\\admin.js": {"lines":{"total":10,"covered":10,"skipped":0,"pct":100},"functions":{"total":2,"covered":2,"skipped":0,"pct":100},"statements":{"total":10,"covered":10,"skipped":0,"pct":100},"branches":{"total":0,"covered":0,"skipped":0,"pct":100}}
,"D:\\ATLP-C-25\\new-repo\\myBrandAPIs\\src\\models\\blog.js": {"lines":{"total":2,"covered":2,"skipped":0,"pct":100},"functions":{"total":1,"covered":1,"skipped":0,"pct":100},"statements":{"total":2,"covered":2,"skipped":0,"pct":100},"branches":{"total":0,"covered":0,"skipped":0,"pct":100}}
,"D:\\ATLP-C-25\\new-repo\\myBrandAPIs\\src\\models\\comment.js": {"lines":{"total":2,"covered":2,"skipped":0,"pct":100},"functions":{"total":1,"covered":1,"skipped":0,"pct":100},"statements":{"total":2,"covered":2,"skipped":0,"pct":100},"branches":{"total":0,"covered":0,"skipped":0,"pct":100}}
,"D:\\ATLP-C-25\\new-repo\\myBrandAPIs\\src\\models\\message.js": {"lines":{"total":2,"covered":2,"skipped":0,"pct":100},"functions":{"total":1,"covered":1,"skipped":0,"pct":100},"statements":{"total":2,"covered":2,"skipped":0,"pct":100},"branches":{"total":0,"covered":0,"skipped":0,"pct":100}}
,"D:\\ATLP-C-25\\new-repo\\myBrandAPIs\\src\\routes\\routes.js": {"lines":{"total":18,"covered":18,"skipped":0,"pct":100},"functions":{"total":0,"covered":0,"skipped":0,"pct":100},"statements":{"total":18,"covered":18,"skipped":0,"pct":100},"branches":{"total":0,"covered":0,"skipped":0,"pct":100}}
,"D:\\ATLP-C-25\\new-repo\\myBrandAPIs\\src\\upload\\saveImage.js": {"lines":{"total":5,"covered":5,"skipped":0,"pct":100},"functions":{"total":2,"covered":2,"skipped":0,"pct":100},"statements":{"total":5,"covered":5,"skipped":0,"pct":100},"branches":{"total":0,"covered":0,"skipped":0,"pct":100}}
}
