TN:
SF:index.js
FNF:0
FNH:0
DA:10,1
DA:11,1
DA:13,1
DA:14,1
DA:16,1
DA:17,1
DA:19,1
DA:20,1
DA:21,1
DA:22,1
DA:24,1
DA:26,1
DA:30,1
DA:31,1
DA:34,1
DA:35,1
LF:16
LH:16
BRDA:11,0,0,1
BRDA:11,0,1,0
BRF:2
BRH:1
end_of_record
TN:
SF:src\controllers\articleController.js
FN:5,(anonymous_0)
FN:25,(anonymous_1)
FN:31,(anonymous_2)
FN:45,(anonymous_3)
FN:50,(anonymous_4)
FN:64,(anonymous_5)
FN:79,(anonymous_6)
FN:91,(anonymous_7)
FN:105,(anonymous_8)
FNF:9
FNH:8
FNDA:1,(anonymous_0)
FNDA:2,(anonymous_1)
FNDA:43,(anonymous_2)
FNDA:2,(anonymous_3)
FNDA:22,(anonymous_4)
FNDA:1,(anonymous_5)
FNDA:0,(anonymous_6)
FNDA:2,(anonymous_7)
FNDA:2,(anonymous_8)
DA:5,1
DA:6,1
DA:7,1
DA:8,1
DA:14,1
DA:15,1
DA:17,1
DA:18,1
DA:20,0
DA:21,0
DA:25,1
DA:26,2
DA:27,2
DA:28,2
DA:29,2
DA:30,2
DA:31,43
DA:32,2
DA:34,2
DA:36,0
DA:39,0
DA:40,0
DA:45,1
DA:46,2
DA:47,2
DA:48,2
DA:49,1
DA:50,22
DA:51,1
DA:52,1
DA:54,1
DA:57,0
DA:58,0
DA:64,1
DA:65,1
DA:66,1
DA:67,1
DA:68,1
DA:69,1
DA:70,1
DA:73,0
DA:76,0
DA:79,1
DA:80,0
DA:81,0
DA:82,0
DA:83,0
DA:85,0
DA:87,0
DA:91,1
DA:92,2
DA:93,2
DA:94,2
DA:95,1
DA:96,1
DA:98,1
DA:101,0
DA:105,1
DA:106,2
DA:107,2
DA:108,2
DA:109,1
DA:110,1
DA:111,1
DA:112,1
DA:114,1
DA:115,1
DA:117,1
DA:120,0
DA:121,0
LF:70
LH:52
BRDA:14,0,0,1
BRDA:14,0,1,0
BRDA:28,1,0,2
BRDA:28,1,1,0
BRDA:48,2,0,1
BRDA:48,2,1,1
BRDA:67,3,0,1
BRDA:67,3,1,0
BRDA:82,4,0,0
BRDA:82,4,1,0
BRDA:94,5,0,1
BRDA:94,5,1,1
BRDA:108,6,0,1
BRDA:108,6,1,1
BRDA:111,7,0,1
BRDA:111,7,1,0
BRF:16
BRH:10
end_of_record
TN:
SF:src\controllers\commentConroller.js
FN:5,(anonymous_0)
FNF:1
FNH:1
FNDA:2,(anonymous_0)
DA:5,1
DA:6,2
DA:7,2
DA:8,2
DA:12,2
DA:13,2
DA:14,1
DA:15,1
DA:16,1
DA:17,1
DA:19,1
DA:21,0
DA:22,0
LF:13
LH:11
BRDA:13,0,0,1
BRDA:13,0,1,1
BRF:2
BRH:2
end_of_record
TN:
SF:src\controllers\messageContriller.js
FN:4,(anonymous_0)
FN:19,(anonymous_1)
FNF:2
FNH:2
FNDA:1,(anonymous_0)
FNDA:1,(anonymous_1)
DA:4,2
DA:5,1
DA:6,1
DA:7,1
DA:11,1
DA:12,1
DA:14,0
DA:15,0
DA:19,2
DA:20,1
DA:21,1
DA:22,1
DA:23,1
DA:25,0
DA:27,0
LF:15
LH:11
BRDA:22,0,0,1
BRDA:22,0,1,0
BRF:2
BRH:1
end_of_record
TN:
SF:src\middleware\articleExist.js
FN:3,(anonymous_0)
FNF:1
FNH:1
FNDA:1,(anonymous_0)
DA:3,1
DA:4,1
DA:5,1
DA:6,1
DA:7,0
DA:9,1
LF:6
LH:5
BRDA:6,0,0,0
BRDA:6,0,1,1
BRF:2
BRH:1
end_of_record
TN:
SF:src\middleware\auth.js
FN:22,(anonymous_0)
FN:42,(anonymous_1)
FN:66,(anonymous_2)
FNF:3
FNH:3
FNDA:1,(anonymous_0)
FNDA:2,(anonymous_1)
FNDA:6,(anonymous_2)
DA:7,1
DA:9,1
DA:10,1
DA:11,1
DA:15,1
DA:23,1
DA:24,1
DA:25,1
DA:27,0
DA:35,1
DA:43,2
DA:44,2
DA:45,2
DA:46,1
DA:48,1
DA:49,1
DA:50,0
DA:52,1
DA:54,0
DA:60,1
DA:67,6
DA:68,6
DA:70,0
LF:23
LH:19
BRDA:45,0,0,1
BRDA:45,0,1,1
BRDA:49,1,0,0
BRDA:49,1,1,1
BRF:4
BRH:3
end_of_record
TN:
SF:src\middleware\isUserExist.js
FN:3,(anonymous_0)
FNF:1
FNH:1
FNDA:2,(anonymous_0)
DA:3,1
DA:4,2
DA:5,2
DA:6,2
DA:7,1
DA:9,1
LF:6
LH:6
BRDA:6,0,0,1
BRDA:6,0,1,1
BRF:2
BRH:2
end_of_record
TN:
SF:src\middleware\signIn.js
FN:5,(anonymous_0)
FN:10,(anonymous_1)
FN:17,(anonymous_2)
FNF:3
FNH:3
FNDA:2,(anonymous_0)
FNDA:2,(anonymous_1)
FNDA:1,(anonymous_2)
DA:5,1
DA:6,2
DA:8,2
DA:11,2
DA:12,2
DA:13,1
DA:15,1
DA:18,1
DA:19,1
DA:20,1
DA:21,1
DA:25,0
LF:12
LH:11
BRDA:12,0,0,1
BRDA:12,0,1,1
BRDA:12,1,0,2
BRDA:12,1,1,2
BRDA:18,2,0,0
BRDA:18,2,1,1
BRF:6
BRH:5
end_of_record
TN:
SF:src\middleware\sinUp.js
FN:2,(anonymous_0)
FNF:1
FNH:1
FNDA:1,(anonymous_0)
DA:2,1
DA:3,1
LF:2
LH:2
BRF:0
BRH:0
end_of_record
TN:
SF:src\middleware\validations\articleValidate.js
FN:3,(anonymous_0)
FNF:1
FNH:1
FNDA:3,(anonymous_0)
DA:3,1
DA:4,3
DA:8,3
DA:9,3
DA:10,0
DA:12,3
LF:6
LH:5
BRDA:9,0,0,0
BRDA:9,0,1,3
BRF:2
BRH:1
end_of_record
TN:
SF:src\middleware\validations\commentValidate.js
FN:3,(anonymous_0)
FNF:1
FNH:1
FNDA:2,(anonymous_0)
DA:3,1
DA:4,2
DA:10,2
DA:12,2
DA:13,0
DA:15,2
LF:6
LH:5
BRDA:12,0,0,0
BRDA:12,0,1,2
BRF:2
BRH:1
end_of_record
TN:
SF:src\middleware\validations\messageValidate.js
FN:3,(anonymous_0)
FNF:1
FNH:1
FNDA:1,(anonymous_0)
DA:3,1
DA:4,1
DA:10,1
DA:12,1
DA:13,0
DA:15,1
LF:6
LH:5
BRDA:12,0,0,0
BRDA:12,0,1,1
BRF:2
BRH:1
end_of_record
TN:
SF:src\middleware\validations\signIn.js
FN:3,(anonymous_0)
FNF:1
FNH:1
FNDA:2,(anonymous_0)
DA:3,1
DA:4,2
DA:9,2
DA:10,2
DA:11,0
DA:13,2
LF:6
LH:5
BRDA:10,0,0,0
BRDA:10,0,1,2
BRF:2
BRH:1
end_of_record
TN:
SF:src\middleware\validations\signUp.js
FN:3,(anonymous_0)
FNF:1
FNH:1
FNDA:2,(anonymous_0)
DA:3,1
DA:4,2
DA:5,2
DA:6,2
DA:7,2
DA:12,2
DA:14,2
DA:15,0
DA:17,2
LF:9
LH:8
BRDA:14,0,0,0
BRDA:14,0,1,2
BRF:2
BRH:1
end_of_record
TN:
SF:src\models\admin.js
FN:11,(anonymous_0)
FN:19,(anonymous_1)
FNF:2
FNH:2
FNDA:1,(anonymous_0)
FNDA:1,(anonymous_1)
DA:4,1
DA:9,1
DA:12,1
DA:13,1
DA:14,1
DA:15,1
DA:19,1
DA:20,1
DA:21,1
DA:22,1
LF:10
LH:10
BRF:0
BRH:0
end_of_record
TN:
SF:src\models\blog.js
FN:11,(anonymous_0)
FNF:1
FNH:1
FNDA:1,(anonymous_0)
DA:3,1
DA:11,1
LF:2
LH:2
BRF:0
BRH:0
end_of_record
TN:
SF:src\models\comment.js
FN:10,(anonymous_0)
FNF:1
FNH:1
FNDA:2,(anonymous_0)
DA:3,1
DA:10,2
LF:2
LH:2
BRF:0
BRH:0
end_of_record
TN:
SF:src\models\message.js
FN:10,(anonymous_0)
FNF:1
FNH:1
FNDA:1,(anonymous_0)
DA:3,1
DA:10,1
LF:2
LH:2
BRF:0
BRH:0
end_of_record
TN:
SF:src\routes\routes.js
FNF:0
FNH:0
DA:20,1
DA:22,1
DA:24,1
DA:25,1
DA:26,1
DA:27,1
DA:29,1
DA:31,1
DA:33,1
DA:35,1
DA:37,1
DA:39,1
DA:41,1
DA:44,1
DA:48,1
DA:51,1
DA:57,1
DA:62,1
LF:18
LH:18
BRF:0
BRH:0
end_of_record
TN:
SF:src\upload\saveImage.js
FN:7,(anonymous_0)
FN:9,(anonymous_1)
FNF:2
FNH:2
FNDA:3,(anonymous_0)
FNDA:3,(anonymous_1)
DA:4,1
DA:6,1
DA:8,3
DA:10,3
DA:13,1
LF:5
LH:5
BRF:0
BRH:0
end_of_record
